This file contains any messages produced by compilers while
running configure, to aid debugging if configure makes a mistake.

It was created by ProyectoFinal configure 0.1, which was
generated by GNU Autoconf 2.69.  Invocation command line was

  $ ./configure 

## --------- ##
## Platform. ##
## --------- ##

hostname = MacBook-Air-de-Ricardo-2.local
uname -m = x86_64
uname -r = 16.6.0
uname -s = Darwin
uname -v = Darwin Kernel Version 16.6.0: Fri Apr 14 16:21:16 PDT 2017; root:xnu-3789.60.24~6/RELEASE_X86_64

/usr/bin/uname -p = i386
/bin/uname -X     = unknown

/bin/arch              = unknown
/usr/bin/arch -k       = unknown
/usr/convex/getsysinfo = unknown
/usr/bin/hostinfo      = Mach kernel version:
	 Darwin Kernel Version 16.6.0: Fri Apr 14 16:21:16 PDT 2017; root:xnu-3789.60.24~6/RELEASE_X86_64
Kernel configured for up to 4 processors.
2 processors are physically available.
4 processors are logically available.
Processor type: x86_64h (Intel x86-64h Haswell)
Processors active: 0 1 2 3
Primary memory available: 8.00 gigabytes
Default processor set: 339 tasks, 1463 threads, 4 processors
Load average: 2.49, Mach factor: 1.50
/bin/machine           = unknown
/usr/bin/oslevel       = unknown
/bin/universe          = unknown

PATH: /usr/local/sbin
PATH: /usr/local/sbin
PATH: /Library/Frameworks/Python.framework/Versions/3.5/bin
PATH: /Library/Frameworks/Python.framework/Versions/3.5/bin
PATH: /usr/local/heroku/bin
PATH: /opt/local/bin
PATH: /opt/local/sbin
PATH: /Users/ricardo_rodab/.rvm/gems/ruby-2.4.0/bin
PATH: /Users/ricardo_rodab/.rvm/gems/ruby-2.4.0@global/bin
PATH: /Users/ricardo_rodab/.rvm/rubies/ruby-2.4.0/bin
PATH: /usr/local/bin
PATH: /usr/local/bin
PATH: /usr/bin
PATH: /bin
PATH: /usr/sbin
PATH: /sbin
PATH: /opt/X11/bin
PATH: /Library/TeX/texbin
PATH: /Applications/Wireshark.app/Contents/MacOS
PATH: /Users/ricardo_rodab/.rvm/bin
PATH: /Users/ricardo_rodab/.rvm/bin


## ----------- ##
## Core tests. ##
## ----------- ##

configure:1898: checking build system type
configure:1912: result: x86_64-apple-darwin16.6.0
configure:1932: checking host system type
configure:1945: result: x86_64-apple-darwin16.6.0
configure:1981: checking for a BSD-compatible install
configure:2049: result: /usr/bin/install -c
configure:2060: checking whether build environment is sane
configure:2115: result: yes
configure:2266: checking for a thread-safe mkdir -p
configure:2305: result: ./install-sh -c -d
configure:2312: checking for gawk
configure:2342: result: no
configure:2312: checking for mawk
configure:2342: result: no
configure:2312: checking for nawk
configure:2342: result: no
configure:2312: checking for awk
configure:2328: found /usr/bin/awk
configure:2339: result: awk
configure:2350: checking whether make sets $(MAKE)
configure:2372: result: yes
configure:2401: checking whether make supports nested variables
configure:2418: result: yes
configure:2595: checking for gcc
configure:2611: found /usr/bin/gcc
configure:2622: result: gcc
configure:2851: checking for C compiler version
configure:2860: gcc --version >&5
Apple LLVM version 8.1.0 (clang-802.0.42)
Target: x86_64-apple-darwin16.6.0
Thread model: posix
InstalledDir: /Applications/Xcode.app/Contents/Developer/Toolchains/XcodeDefault.xctoolchain/usr/bin
Configured with: --prefix=/Applications/Xcode.app/Contents/Developer/usr --with-gxx-include-dir=/usr/include/c++/4.2.1
configure:2871: $? = 0
configure:2860: gcc -v >&5
Configured with: --prefix=/Applications/Xcode.app/Contents/Developer/usr --with-gxx-include-dir=/usr/include/c++/4.2.1
Apple LLVM version 8.1.0 (clang-802.0.42)
Target: x86_64-apple-darwin16.6.0
Thread model: posix
InstalledDir: /Applications/Xcode.app/Contents/Developer/Toolchains/XcodeDefault.xctoolchain/usr/bin
configure:2871: $? = 0
configure:2860: gcc -V >&5
clang: error: argument to '-V' is missing (expected 1 value)
clang: error: no input files
configure:2871: $? = 1
configure:2860: gcc -qversion >&5
clang: error: unknown argument: '-qversion'
clang: error: no input files
configure:2871: $? = 1
configure:2891: checking whether the C compiler works
configure:2913: gcc    conftest.c  >&5
configure:2917: $? = 0
configure:2965: result: yes
configure:2968: checking for C compiler default output file name
configure:2970: result: a.out
configure:2976: checking for suffix of executables
configure:2983: gcc -o conftest    conftest.c  >&5
configure:2987: $? = 0
configure:3009: result: 
configure:3031: checking whether we are cross compiling
configure:3039: gcc -o conftest    conftest.c  >&5
configure:3043: $? = 0
configure:3050: ./conftest
configure:3054: $? = 0
configure:3069: result: no
configure:3074: checking for suffix of object files
configure:3096: gcc -c   conftest.c >&5
configure:3100: $? = 0
configure:3121: result: o
configure:3125: checking whether we are using the GNU C compiler
configure:3144: gcc -c   conftest.c >&5
configure:3144: $? = 0
configure:3153: result: yes
configure:3162: checking whether gcc accepts -g
configure:3182: gcc -c -g  conftest.c >&5
configure:3182: $? = 0
configure:3223: result: yes
configure:3240: checking for gcc option to accept ISO C89
configure:3303: gcc  -c -g -O2  conftest.c >&5
configure:3303: $? = 0
configure:3316: result: none needed
configure:3341: checking whether gcc understands -c and -o together
configure:3363: gcc -c conftest.c -o conftest2.o
configure:3366: $? = 0
configure:3363: gcc -c conftest.c -o conftest2.o
configure:3366: $? = 0
configure:3378: result: yes
configure:3406: checking for style of include used by make
configure:3434: result: GNU
configure:3460: checking dependency style of gcc
configure:3571: result: gcc3
configure:3586: checking whether ln -s works
configure:3590: result: yes
configure:3641: checking for ranlib
configure:3657: found /usr/bin/ranlib
configure:3668: result: ranlib
configure:3746: checking for pkg-config
configure:3764: found /usr/local/bin/pkg-config
configure:3776: result: /usr/local/bin/pkg-config
configure:3801: checking pkg-config is at least version 0.9.0
configure:3804: result: yes
configure:3814: checking for glib-2.0
configure:3821: $PKG_CONFIG --exists --print-errors "glib-2.0"
configure:3824: $? = 0
configure:3838: $PKG_CONFIG --exists --print-errors "glib-2.0"
configure:3841: $? = 0
configure:3899: result: yes
configure:3904: checking for glutInit in -lglut
configure:3929: gcc -o conftest -g -O2   conftest.c -lglut   >&5
configure:3929: $? = 0
configure:3938: result: yes
configure:4138: checking that generated files are newer than configure
configure:4144: result: done
configure:4167: creating ./config.status

## ---------------------- ##
## Running config.status. ##
## ---------------------- ##

This file was extended by ProyectoFinal config.status 0.1, which was
generated by GNU Autoconf 2.69.  Invocation command line was

  CONFIG_FILES    = 
  CONFIG_HEADERS  = 
  CONFIG_LINKS    = 
  CONFIG_COMMANDS = 
  $ ./config.status 

on MacBook-Air-de-Ricardo-2.local

config.status:789: creating Makefile
config.status:961: executing depfiles commands

## ---------------- ##
## Cache variables. ##
## ---------------- ##

ac_cv_build=x86_64-apple-darwin16.6.0
ac_cv_c_compiler_gnu=yes
ac_cv_env_CC_set=
ac_cv_env_CC_value=
ac_cv_env_CFLAGS_set=
ac_cv_env_CFLAGS_value=
ac_cv_env_CPPFLAGS_set=
ac_cv_env_CPPFLAGS_value=
ac_cv_env_GLIB_CFLAGS_set=
ac_cv_env_GLIB_CFLAGS_value=
ac_cv_env_GLIB_LIBS_set=
ac_cv_env_GLIB_LIBS_value=
ac_cv_env_LDFLAGS_set=
ac_cv_env_LDFLAGS_value=
ac_cv_env_LIBS_set=
ac_cv_env_LIBS_value=
ac_cv_env_PKG_CONFIG_LIBDIR_set=
ac_cv_env_PKG_CONFIG_LIBDIR_value=
ac_cv_env_PKG_CONFIG_PATH_set=
ac_cv_env_PKG_CONFIG_PATH_value=
ac_cv_env_PKG_CONFIG_set=
ac_cv_env_PKG_CONFIG_value=
ac_cv_env_build_alias_set=
ac_cv_env_build_alias_value=
ac_cv_env_host_alias_set=
ac_cv_env_host_alias_value=
ac_cv_env_target_alias_set=
ac_cv_env_target_alias_value=
ac_cv_host=x86_64-apple-darwin16.6.0
ac_cv_lib_glut_glutInit=yes
ac_cv_objext=o
ac_cv_path_ac_pt_PKG_CONFIG=/usr/local/bin/pkg-config
ac_cv_path_install='/usr/bin/install -c'
ac_cv_prog_AWK=awk
ac_cv_prog_ac_ct_CC=gcc
ac_cv_prog_ac_ct_RANLIB=ranlib
ac_cv_prog_cc_c89=
ac_cv_prog_cc_g=yes
ac_cv_prog_make_make_set=yes
am_cv_CC_dependencies_compiler_type=gcc3
am_cv_make_support_nested_variables=yes
am_cv_prog_cc_c_o=yes
pkg_cv_GLIB_CFLAGS='-I/usr/local/Cellar/glib/2.52.0/include/glib-2.0 -I/usr/local/Cellar/glib/2.52.0/lib/glib-2.0/include -I/usr/local/opt/gettext/include -I/usr/local/Cellar/pcre/8.40/include'
pkg_cv_GLIB_LIBS='-L/usr/local/Cellar/glib/2.52.0/lib -L/usr/local/opt/gettext/lib -lglib-2.0 -lintl'

## ----------------- ##
## Output variables. ##
## ----------------- ##

ACLOCAL='${SHELL} /Users/ricardo_rodab/20172_CC/SeminarioB/ProyectoFinal/missing aclocal-1.15'
AMDEPBACKSLASH='\'
AMDEP_FALSE='#'
AMDEP_TRUE=''
AMTAR='$${TAR-tar}'
AM_BACKSLASH='\'
AM_DEFAULT_V='$(AM_DEFAULT_VERBOSITY)'
AM_DEFAULT_VERBOSITY='1'
AM_V='$(V)'
AUTOCONF='${SHELL} /Users/ricardo_rodab/20172_CC/SeminarioB/ProyectoFinal/missing autoconf'
AUTOHEADER='${SHELL} /Users/ricardo_rodab/20172_CC/SeminarioB/ProyectoFinal/missing autoheader'
AUTOMAKE='${SHELL} /Users/ricardo_rodab/20172_CC/SeminarioB/ProyectoFinal/missing automake-1.15'
AWK='awk'
CC='gcc'
CCDEPMODE='depmode=gcc3'
CFLAGS='-g -O2'
CPPFLAGS=''
CYGPATH_W='echo'
DEFS='-DPACKAGE_NAME=\"ProyectoFinal\" -DPACKAGE_TARNAME=\"proyectofinal\" -DPACKAGE_VERSION=\"0.1\" -DPACKAGE_STRING=\"ProyectoFinal\ 0.1\" -DPACKAGE_BUGREPORT=\"ricardo_rodab@ciencias.unam.mx\" -DPACKAGE_URL=\"\" -DPACKAGE=\"proyectofinal\" -DVERSION=\"0.1\" -DHAVE_LIBGLUT=1 -DPLATFORM_APPLE=1'
DEPDIR='.deps'
ECHO_C='\c'
ECHO_N=''
ECHO_T=''
EXEEXT=''
GLIB_CFLAGS='-I/usr/local/Cellar/glib/2.52.0/include/glib-2.0 -I/usr/local/Cellar/glib/2.52.0/lib/glib-2.0/include -I/usr/local/opt/gettext/include -I/usr/local/Cellar/pcre/8.40/include'
GLIB_LIBS='-L/usr/local/Cellar/glib/2.52.0/lib -L/usr/local/opt/gettext/lib -lglib-2.0 -lintl'
INSTALL_DATA='${INSTALL} -m 644'
INSTALL_PROGRAM='${INSTALL}'
INSTALL_SCRIPT='${INSTALL}'
INSTALL_STRIP_PROGRAM='$(install_sh) -c -s'
LDFLAGS=''
LIBOBJS=''
LIBS='-lglut '
LN_S='ln -s'
LTLIBOBJS=''
MAKEINFO='${SHELL} /Users/ricardo_rodab/20172_CC/SeminarioB/ProyectoFinal/missing makeinfo'
MKDIR_P='./install-sh -c -d'
OBJEXT='o'
PACKAGE='proyectofinal'
PACKAGE_BUGREPORT='ricardo_rodab@ciencias.unam.mx'
PACKAGE_NAME='ProyectoFinal'
PACKAGE_STRING='ProyectoFinal 0.1'
PACKAGE_TARNAME='proyectofinal'
PACKAGE_URL=''
PACKAGE_VERSION='0.1'
PATH_SEPARATOR=':'
PKG_CONFIG='/usr/local/bin/pkg-config'
PKG_CONFIG_LIBDIR=''
PKG_CONFIG_PATH=''
RANLIB='ranlib'
SET_MAKE=''
SHELL='/bin/sh'
STRIP=''
VERSION='0.1'
ac_ct_CC='gcc'
am__EXEEXT_FALSE=''
am__EXEEXT_TRUE='#'
am__fastdepCC_FALSE='#'
am__fastdepCC_TRUE=''
am__include='include'
am__isrc=''
am__leading_dot='.'
am__nodep='_no'
am__quote=''
am__tar='$${TAR-tar} chof - "$$tardir"'
am__untar='$${TAR-tar} xf -'
bindir='${exec_prefix}/bin'
build='x86_64-apple-darwin16.6.0'
build_alias=''
build_cpu='x86_64'
build_os='darwin16.6.0'
build_vendor='apple'
datadir='${datarootdir}'
datarootdir='${prefix}/share'
docdir='${datarootdir}/doc/${PACKAGE_TARNAME}'
dvidir='${docdir}'
exec_prefix='${prefix}'
host='x86_64-apple-darwin16.6.0'
host_alias=''
host_cpu='x86_64'
host_os='darwin16.6.0'
host_vendor='apple'
htmldir='${docdir}'
includedir='${prefix}/include'
infodir='${datarootdir}/info'
install_sh='${SHELL} /Users/ricardo_rodab/20172_CC/SeminarioB/ProyectoFinal/install-sh'
libdir='${exec_prefix}/lib'
libexecdir='${exec_prefix}/libexec'
localedir='${datarootdir}/locale'
localstatedir='${prefix}/var'
mandir='${datarootdir}/man'
mkdir_p='$(MKDIR_P)'
oldincludedir='/usr/include'
opengl_LIBS='-framework AGL -framework OpenGL -framework GLUT'
pdfdir='${docdir}'
prefix='/usr/local'
program_transform_name='s,x,x,'
psdir='${docdir}'
sbindir='${exec_prefix}/sbin'
sharedstatedir='${prefix}/com'
sysconfdir='${prefix}/etc'
target_alias=''

## ----------- ##
## confdefs.h. ##
## ----------- ##

/* confdefs.h */
#define PACKAGE_NAME "ProyectoFinal"
#define PACKAGE_TARNAME "proyectofinal"
#define PACKAGE_VERSION "0.1"
#define PACKAGE_STRING "ProyectoFinal 0.1"
#define PACKAGE_BUGREPORT "ricardo_rodab@ciencias.unam.mx"
#define PACKAGE_URL ""
#define PACKAGE "proyectofinal"
#define VERSION "0.1"
#define HAVE_LIBGLUT 1
#define PLATFORM_APPLE 1

configure: exit 0
